<?xml version="1.0" encoding="UTF-8"?>
<!-- Generated by org.testng.reporters.JUnitXMLReporter -->
<testsuite ignored="0" hostname="LAPTOP-DJTLPK5V" failures="0" tests="3" name="Default test" time="59.063" errors="0" timestamp="2022-10-18T15:22:38 IST">
  <testcase classname="com.samples.Webapp" name="loadtime" time="0.102"/>
  <testcase classname="com.samples.Webapp" name="search" time="6.271"/>
  <testcase classname="com.samples.Webapp" name="scroll" time="6.113"/>
</testsuite> <!-- Default test -->
