<?xml version="1.0" encoding="UTF-8"?>
<testng-results ignored="0" total="3" passed="3" failed="0" skipped="0">
  <reporter-output>
  </reporter-output>
  <suite started-at="2022-10-18T15:21:39 IST" name="Default suite" finished-at="2022-10-18T15:22:38 IST" duration-ms="59063">
    <groups>
    </groups>
    <test started-at="2022-10-18T15:21:39 IST" name="Default test" finished-at="2022-10-18T15:22:38 IST" duration-ms="59063">
      <class name="com.samples.Webapp">
        <test-method is-config="true" signature="startBrowser()[pri:0, instance:com.samples.Webapp@5b239d7d]" started-at="2022-10-18T15:21:39 IST" name="startBrowser" finished-at="2022-10-18T15:22:26 IST" duration-ms="46430" status="PASS">
          <reporter-output>
          </reporter-output>
        </test-method> <!-- startBrowser -->
        <test-method signature="loadtime()[pri:1, instance:com.samples.Webapp@5b239d7d]" started-at="2022-10-18T15:22:26 IST" name="loadtime" finished-at="2022-10-18T15:22:26 IST" duration-ms="102" status="PASS">
          <reporter-output>
          </reporter-output>
        </test-method> <!-- loadtime -->
        <test-method signature="search()[pri:2, instance:com.samples.Webapp@5b239d7d]" started-at="2022-10-18T15:22:26 IST" name="search" finished-at="2022-10-18T15:22:32 IST" duration-ms="6271" status="PASS">
          <reporter-output>
          </reporter-output>
        </test-method> <!-- search -->
        <test-method signature="scroll()[pri:3, instance:com.samples.Webapp@5b239d7d]" started-at="2022-10-18T15:22:32 IST" name="scroll" finished-at="2022-10-18T15:22:38 IST" duration-ms="6113" status="PASS">
          <reporter-output>
          </reporter-output>
        </test-method> <!-- scroll -->
        <test-method is-config="true" signature="closeBrowser()[pri:0, instance:com.samples.Webapp@5b239d7d]" started-at="2022-10-18T15:22:38 IST" name="closeBrowser" finished-at="2022-10-18T15:22:38 IST" duration-ms="111" status="PASS">
          <reporter-output>
          </reporter-output>
        </test-method> <!-- closeBrowser -->
      </class> <!-- com.samples.Webapp -->
    </test> <!-- Default test -->
  </suite> <!-- Default suite -->
</testng-results>
